<?xml version="1.0" encoding="UTF-8"?>
<!-- Generated by org.testng.reporters.JUnitReportReporter -->
<testsuite hostname="LAPTOP-J9KR8E39" failures="0" tests="6" name="Practice.DataProviderTest" time="0.019" errors="0" timestamp="2022-11-26T12:50:53 IST" skipped="0">
  <testcase classname="Practice.DataProviderTest" name="bookTicket" time="0.001"/>
  <system-out/>
  <testcase classname="Practice.DataProviderTest" name="bookTicket" time="0.010"/>
  <system-out/>
  <testcase classname="Practice.DataProviderTest" name="bookTicket" time="0.001"/>
  <system-out/>
  <testcase classname="Practice.DataProviderTest" name="bookTicket" time="0.002"/>
  <system-out/>
  <testcase classname="Practice.DataProviderTest" name="bookTicket" time="0.003"/>
  <system-out/>
  <testcase classname="Practice.DataProviderTest" name="bookTicket" time="0.002"/>
  <system-out/>
</testsuite> <!-- Practice.DataProviderTest -->
