<?xml version="1.0" encoding="UTF-8"?>
<!-- Generated by org.testng.reporters.JUnitReportReporter -->
<testsuite hostname="LAPTOP-J9KR8E39" failures="0" tests="3" name="Practice.SampleTestNg" time="0.034" errors="0" timestamp="2022-11-26T13:23:30 IST" skipped="0">
  <testcase classname="Practice.SampleTestNg" name="deleteCustomerTest" time="0.005"/>
  <system-out/>
  <testcase classname="Practice.SampleTestNg" name="modifyCustomerTest" time="0.007"/>
  <system-out/>
  <testcase classname="Practice.SampleTestNg" name="createCustomerTest" time="0.022"/>
  <system-out/>
</testsuite> <!-- Practice.SampleTestNg -->
