<?xml version="1.0" encoding="UTF-8"?>
<!-- Generated by org.testng.reporters.JUnitReportReporter -->
<testsuite hostname="LAPTOP-J9KR8E39" failures="0" tests="1" name="testNG.CreateOrganizationTestNG" time="26.493" errors="0" timestamp="2023-03-23T10:53:21 IST" skipped="0">
  <testcase classname="testNG.CreateOrganizationTestNG" name="createOrganizationTestNG" time="26.493"/>
  <system-out/>
</testsuite> <!-- testNG.CreateOrganizationTestNG -->
